<?xml version="1.0" encoding="UTF-8"?>
<!-- Generated by org.testng.reporters.JUnitXMLReporter -->
<testsuite hostname="Kriti-PC" ignored="4" name="Default test" tests="1" failures="0" timestamp="09 Nov 2020 16:01:10 GMT" time="14.8" errors="0">
  <testcase name="DiscoveryTours_Test" time="5.98" classname="com.komoot.testcases.KomootAppTestCases"/>
  <testcase name="HomePageTest" time="0.0" classname="com.komoot.testcases.KomootAppTestCases">
    <ignored/>
  </testcase> <!-- HomePageTest -->
  <testcase name="ShopTest" time="0.0" classname="com.komoot.testcases.KomootAppTestCases">
    <ignored/>
  </testcase> <!-- ShopTest -->
  <testcase name="RoutePlanner_Test" time="0.0" classname="com.komoot.testcases.KomootAppTestCases">
    <ignored/>
  </testcase> <!-- RoutePlanner_Test -->
  <testcase name="LoginPageTest" time="0.0" classname="com.komoot.testcases.KomootAppTestCases">
    <ignored/>
  </testcase> <!-- LoginPageTest -->
</testsuite> <!-- Default test -->
